Start testing: Jun 22 22:13 CST
----------------------------------------------------------
1/10 Testing: fruit_ninja_assets_test
1/10 Test: fruit_ninja_assets_test
Command: "/Users/cys/embedded/lv_port_pc_vscode/bin/fruit_ninja_assets_test"
Directory: /Users/cys/embedded/lv_port_pc_vscode
"fruit_ninja_assets_test" start time: Jun 22 22:13 CST
Output:
----------------------------------------------------------
<end of output>
Test time =   0.00 sec
----------------------------------------------------------
Test Passed.
"fruit_ninja_assets_test" end time: Jun 22 22:13 CST
"fruit_ninja_assets_test" time elapsed: 00:00:00
----------------------------------------------------------

2/10 Testing: fruit_ninja_collision_test
2/10 Test: fruit_ninja_collision_test
Command: "/Users/cys/embedded/lv_port_pc_vscode/bin/fruit_ninja_collision_test"
Directory: /Users/cys/embedded/lv_port_pc_vscode
"fruit_ninja_collision_test" start time: Jun 22 22:13 CST
Output:
----------------------------------------------------------
<end of output>
Test time =   0.00 sec
----------------------------------------------------------
Test Passed.
"fruit_ninja_collision_test" end time: Jun 22 22:13 CST
"fruit_ninja_collision_test" time elapsed: 00:00:00
----------------------------------------------------------

3/10 Testing: fruit_ninja_model_test
3/10 Test: fruit_ninja_model_test
Command: "/Users/cys/embedded/lv_port_pc_vscode/bin/fruit_ninja_model_test"
Directory: /Users/cys/embedded/lv_port_pc_vscode
"fruit_ninja_model_test" start time: Jun 22 22:13 CST
Output:
----------------------------------------------------------
<end of output>
Test time =   0.00 sec
----------------------------------------------------------
Test Passed.
"fruit_ninja_model_test" end time: Jun 22 22:13 CST
"fruit_ninja_model_test" time elapsed: 00:00:00
----------------------------------------------------------

4/10 Testing: design_fruit_model_test
4/10 Test: design_fruit_model_test
Command: "/Users/cys/embedded/lv_port_pc_vscode/bin/design_fruit_model_test"
Directory: /Users/cys/embedded/lv_port_pc_vscode
"design_fruit_model_test" start time: Jun 22 22:13 CST
Output:
----------------------------------------------------------
<end of output>
Test time =   0.00 sec
----------------------------------------------------------
Test Passed.
"design_fruit_model_test" end time: Jun 22 22:13 CST
"design_fruit_model_test" time elapsed: 00:00:00
----------------------------------------------------------

5/10 Testing: desktop_apple_music_test
5/10 Test: desktop_apple_music_test
Command: "/Users/cys/embedded/lv_port_pc_vscode/bin/desktop_apple_music_test"
Directory: /Users/cys/embedded/lv_port_pc_vscode
"desktop_apple_music_test" start time: Jun 22 22:13 CST
Output:
----------------------------------------------------------
<end of output>
Test time =   0.00 sec
----------------------------------------------------------
Test Passed.
"desktop_apple_music_test" end time: Jun 22 22:13 CST
"desktop_apple_music_test" time elapsed: 00:00:00
----------------------------------------------------------

6/10 Testing: tetris_public_api_test
6/10 Test: tetris_public_api_test
Command: "/Users/cys/embedded/lv_port_pc_vscode/bin/tetris_public_api_test"
Directory: /Users/cys/embedded/lv_port_pc_vscode
"tetris_public_api_test" start time: Jun 22 22:13 CST
Output:
----------------------------------------------------------
[Warn]	(0.000, +0)	 lv_init: Memory integrity checks are enabled via LV_USE_ASSERT_MEM_INTEGRITY which makes LVGL much slower lv_init.c:326
[Warn]	(0.000, +0)	 lv_init: Object sanity checks are enabled via LV_USE_ASSERT_OBJ which makes LVGL much slower lv_init.c:330
[Warn]	(0.000, +0)	 lv_init: Style sanity checks are enabled that uses more RAM lv_init.c:334
<end of output>
Test time =   0.02 sec
----------------------------------------------------------
Test Passed.
"tetris_public_api_test" end time: Jun 22 22:13 CST
"tetris_public_api_test" time elapsed: 00:00:00
----------------------------------------------------------

7/10 Testing: v9_2048_core_test
7/10 Test: v9_2048_core_test
Command: "/Users/cys/embedded/lv_port_pc_vscode/bin/v9_2048_core_test"
Directory: /Users/cys/embedded/lv_port_pc_vscode
"v9_2048_core_test" start time: Jun 22 22:13 CST
Output:
----------------------------------------------------------
<end of output>
Test time =   0.00 sec
----------------------------------------------------------
Test Passed.
"v9_2048_core_test" end time: Jun 22 22:13 CST
"v9_2048_core_test" time elapsed: 00:00:00
----------------------------------------------------------

8/10 Testing: v9_2048_public_api_test
8/10 Test: v9_2048_public_api_test
Command: "/Users/cys/embedded/lv_port_pc_vscode/bin/v9_2048_public_api_test"
Directory: /Users/cys/embedded/lv_port_pc_vscode
"v9_2048_public_api_test" start time: Jun 22 22:13 CST
Output:
----------------------------------------------------------
[Warn]	(0.000, +0)	 lv_init: Memory integrity checks are enabled via LV_USE_ASSERT_MEM_INTEGRITY which makes LVGL much slower lv_init.c:326
[Warn]	(0.000, +0)	 lv_init: Object sanity checks are enabled via LV_USE_ASSERT_OBJ which makes LVGL much slower lv_init.c:330
[Warn]	(0.000, +0)	 lv_init: Style sanity checks are enabled that uses more RAM lv_init.c:334
<end of output>
Test time =   0.02 sec
----------------------------------------------------------
Test Passed.
"v9_2048_public_api_test" end time: Jun 22 22:13 CST
"v9_2048_public_api_test" time elapsed: 00:00:00
----------------------------------------------------------

9/10 Testing: desktop_apple_music_launcher_test
9/10 Test: desktop_apple_music_launcher_test
Command: "/Users/cys/embedded/lv_port_pc_vscode/bin/desktop_apple_music_launcher_test"
Directory: /Users/cys/embedded/lv_port_pc_vscode
"desktop_apple_music_launcher_test" start time: Jun 22 22:13 CST
Output:
----------------------------------------------------------
[Warn]	(0.000, +0)	 lv_init: Memory integrity checks are enabled via LV_USE_ASSERT_MEM_INTEGRITY which makes LVGL much slower lv_init.c:326
[Warn]	(0.000, +0)	 lv_init: Object sanity checks are enabled via LV_USE_ASSERT_OBJ which makes LVGL much slower lv_init.c:330
[Warn]	(0.000, +0)	 lv_init: Style sanity checks are enabled that uses more RAM lv_init.c:334
<end of output>
Test time =   0.01 sec
----------------------------------------------------------
Test Passed.
"desktop_apple_music_launcher_test" end time: Jun 22 22:13 CST
"desktop_apple_music_launcher_test" time elapsed: 00:00:00
----------------------------------------------------------

10/10 Testing: apple_music_parent_size_test
10/10 Test: apple_music_parent_size_test
Command: "/Users/cys/embedded/lv_port_pc_vscode/bin/apple_music_parent_size_test"
Directory: /Users/cys/embedded/lv_port_pc_vscode
"apple_music_parent_size_test" start time: Jun 22 22:13 CST
Output:
----------------------------------------------------------
[Warn]	(0.000, +0)	 lv_init: Memory integrity checks are enabled via LV_USE_ASSERT_MEM_INTEGRITY which makes LVGL much slower lv_init.c:326
[Warn]	(0.000, +0)	 lv_init: Object sanity checks are enabled via LV_USE_ASSERT_OBJ which makes LVGL much slower lv_init.c:330
[Warn]	(0.000, +0)	 lv_init: Style sanity checks are enabled that uses more RAM lv_init.c:334
<end of output>
Test time =   0.08 sec
----------------------------------------------------------
Test Passed.
"apple_music_parent_size_test" end time: Jun 22 22:13 CST
"apple_music_parent_size_test" time elapsed: 00:00:00
----------------------------------------------------------

End testing: Jun 22 22:13 CST
